
Showing logs for build [32mcb-kubecd-environment-pr-208-18-j45sx-1[0m stage [32mfrom-build-pack[0m and container [32mstep-credential-initializer-httd4[0m
{"level":"info","ts":1587639624.791669,"logger":"fallback-logger","caller":"logging/config.go:69","msg":"Fetch GitHub commit ID from kodata failed: open /var/run/ko/refs/heads/0.8.0-ns-support: no such file or directory"}
{"level":"info","ts":1587639624.792895,"logger":"fallback-logger","caller":"creds-init/main.go:40","msg":"Credentials initialized."}

Showing logs for build [32mcb-kubecd-environment-pr-208-18-j45sx-1[0m stage [32mfrom-build-pack[0m and container [32mstep-working-dir-initializer-6dtpj[0m
{"level":"info","ts":1587639626.1677582,"logger":"fallback-logger","caller":"logging/config.go:69","msg":"Fetch GitHub commit ID from kodata failed: open /var/run/ko/HEAD: no such file or directory"}
{"level":"info","ts":1587639626.169379,"logger":"fallback-logger","caller":"bash/main.go:64","msg":"Successfully executed command \"sh -c mkdir -p /workspace/source\"; output "}

Showing logs for build [32mcb-kubecd-environment-pr-208-18-j45sx-1[0m stage [32mfrom-build-pack[0m and container [32mstep-place-tools[0m

Showing logs for build [32mcb-kubecd-environment-pr-208-18-j45sx-1[0m stage [32mfrom-build-pack[0m and container [32mstep-git-source-cb-kubecd-environment-pr-208-18-j45sx-7v5mc[0m
{"level":"info","ts":1587639630.260186,"logger":"fallback-logger","caller":"logging/config.go:69","msg":"Fetch GitHub commit ID from kodata failed: open /var/run/ko/refs/heads/0.8.0-ns-support: no such file or directory"}
{"level":"info","ts":1587639631.2895947,"logger":"fallback-logger","caller":"git/git.go:103","msg":"Successfully cloned https://github.com/cb-kubecd/environment-pr-208-18-boot-vault-gke-production.git @ master in path /workspace/source"}

Showing logs for build [32mcb-kubecd-environment-pr-208-18-j45sx-1[0m stage [32mfrom-build-pack[0m and container [32mstep-git-merge[0m
Using SHAs from PULL_REFS=master:76e0cf87692a146d7ecff3f951186c5d55b8ad24,1:67ed977f9eac131979ea7bd079427027faac0ed5
DEBUG: LC_ALL=C JX_LOG_LEVEL=error git fetch origin --unshallow 67ed977f9eac131979ea7bd079427027faac0ed5: 76e0cf87692a146d7ecff3f951186c5d55b8ad24:
DEBUG: ran git fetch --unshallow origin 67ed977f9eac131979ea7bd079427027faac0ed5: 76e0cf87692a146d7ecff3f951186c5d55b8ad24: in 
DEBUG: LC_ALL=C JX_LOG_LEVEL=error git branch
DEBUG: LC_ALL=C JX_LOG_LEVEL=error git checkout master
DEBUG: ran git checkout master in 
DEBUG: LC_ALL=C JX_LOG_LEVEL=error git reset --hard 76e0cf87692a146d7ecff3f951186c5d55b8ad24
DEBUG: ran git reset --hard 76e0cf87692a146d7ecff3f951186c5d55b8ad24 in 
DEBUG: LC_ALL=C JX_LOG_LEVEL=error git clean -fd .
DEBUG: ran clean --force -d . in 
DEBUG: JX_LOG_LEVEL=error LC_ALL=C git merge 67ed977f9eac131979ea7bd079427027faac0ed5
DEBUG: ran git merge 67ed977f9eac131979ea7bd079427027faac0ed5 in 
DEBUG: LC_ALL=C JX_LOG_LEVEL=error git log --format=%H%x1f%an%x1f%ae%x1f%cn%x1f%ce%x1f%s%n%b%x1e 76e0cf87692a146d7ecff3f951186c5d55b8ad24..HEAD
Merged SHA 67ed977f9eac131979ea7bd079427027faac0ed5 with commit message 'chore: Promote bdd-spring-1587638396 to version 0.0.1' into base branch master

Showing logs for build [32mcb-kubecd-environment-pr-208-18-j45sx-1[0m stage [32mfrom-build-pack[0m and container [32mstep-build-helm-build[0m
WARNING: No $CHART_REPOSITORY defined so using the default value of: http://jenkins-x-chartmuseum:8080
Adding missing Helm repo: storage.googleapis.com https://storage.googleapis.com/chartmuseum.jenkins-x.io
WARNING: No secrets found on "helm/repos" due: reading the secret "helm/repos" from vault: no secret "helm/repos" not found in vault
Read credentials for https://storage.googleapis.com/chartmuseum.jenkins-x.io from vault helm/repos
Successfully added Helm repository storage.googleapis.com.
Adding missing Helm repo: jenkins-x-chartmuseum http://jenkins-x-chartmuseum:8080
WARNING: No secrets found on "helm/repos" due: reading the secret "helm/repos" from vault: no secret "helm/repos" not found in vault
Read credentials for http://jenkins-x-chartmuseum:8080 from vault helm/repos
Successfully added Helm repository jenkins-x-chartmuseum.
WARNING: No $CHART_REPOSITORY defined so using the default value of: http://jenkins-x-chartmuseum:8080
Adding missing Helm repo: chartmuseum.jenkins-x.io http://chartmuseum.jenkins-x.io
WARNING: No secrets found on "helm/repos" due: reading the secret "helm/repos" from vault: no secret "helm/repos" not found in vault
Read credentials for http://chartmuseum.jenkins-x.io from vault helm/repos
Successfully added Helm repository chartmuseum.jenkins-x.io.
